<?xml version="1.0" encoding="UTF-8"?>
<testsuite name="Buy Products" tests="1" skipped="1" failures="0" errors="0" timestamp="2021-02-16T02:59:57" hostname="DESKTOP-GFG5L9N" time="0.169">
  <properties/>
  <testcase name="buy products successfully" classname="Buy Products" time="0.169">
    <skipped/>
  </testcase>
  <system-out><![CDATA[]]></system-out>
  <system-err><![CDATA[[Test worker] INFO net.thucydides.core.steps.ConsoleLoggingListener - ?[96mTEST PENDING?[0m
[Test worker] INFO net.thucydides.core.steps.ConsoleLoggingListener - ?[96m
          __  _____ _____ ____ _____   ____  _____ _   _ ____ ___ _   _  ____ 
 _       / / |_   _| ____/ ___|_   _| |  _ \| ____| \ | |  _ \_ _| \ | |/ ___|
(_)____ / /    | | |  _| \___ \ | |   | |_) |  _| |  \| | | | | ||  \| | |  _ 
 |_____/ /     | | | |___ ___) || |   |  __/| |___| |\  | |_| | || |\  | |_| |
(_)   /_/      |_| |_____|____/ |_|   |_|   |_____|_| \_|____/___|_| \_|\____|
                                                                                

TEST PENDING: buy products successfully
---------------------------------------------------------------------------------?[0m
]]></system-err>
</testsuite>
